[2024-04-10 01:30:55.026] [Elevator3] State: WaitingForElevatorRequest
[2024-04-10 01:30:55.068] [Elevator3] Waiting for a floor event from Scheduler...
[2024-04-10 01:30:56.063] [Elevator3] Received {Elevator: Elevator3, Time: 02:22:00.150, Requested Floor: 2, Direction: UP, Car Button: 18, Number of Passengers: 1, Arrived: false, Fault: No fault, More Floor Events: false} from Scheduler.
[2024-04-10 01:30:56.064] [Elevator3] Sending ACK {Elevator: Elevator3, Time: 02:22:00.150, Requested Floor: 2, Direction: UP, Car Button: 18, Number of Passengers: 1, Arrived: false, Fault: No fault, More Floor Events: false} to Scheduler.
[2024-04-10 01:30:56.064] [Elevator3] State: MovingBetweenFloors
[2024-04-10 01:30:56.064] [Elevator3] Currently at floor 1, moving to floor 2...
[2024-04-10 01:30:58.070] [Elevator3] Picked up floor event {Elevator: Elevator1, Time: 02:22:00.150, Requested Floor: 2, Direction: UP, Car Button: 18, Number of Passengers: 1, Arrived: false, Fault: No fault, More Floor Events: false}
[2024-04-10 01:30:58.070] [Elevator3] Picked up floor event {Elevator: Elevator3, Time: 02:22:00.150, Requested Floor: 2, Direction: UP, Car Button: 18, Number of Passengers: 1, Arrived: false, Fault: No fault, More Floor Events: false}
[2024-04-10 01:30:58.071] [Elevator3] Picked up floor event {Elevator: Elevator3, Time: 02:22:00.150, Requested Floor: 2, Direction: UP, Car Button: 18, Number of Passengers: 1, Arrived: false, Fault: No fault, More Floor Events: false}
[2024-04-10 01:30:58.071] [Elevator3] Reached max capacity. Cannot fit anymore passengers.
[2024-04-10 01:30:58.071] [Elevator3] Picked up floor event {Elevator: Elevator3, Time: 02:22:00.150, Requested Floor: 2, Direction: UP, Car Button: 18, Number of Passengers: 1, Arrived: false, Fault: No fault, More Floor Events: false}
[2024-04-10 01:30:58.071] [Elevator3] Cannot fit anymore passengers.
[2024-04-10 01:30:58.072] [Elevator3] Picked up floor event {Elevator: Elevator2, Time: 02:22:00.150, Requested Floor: 2, Direction: UP, Car Button: 18, Number of Passengers: 1, Arrived: false, Fault: No fault, More Floor Events: false}
[2024-04-10 01:30:58.072] [Elevator3] Cannot fit anymore passengers.
[2024-04-10 01:30:58.072] [Elevator3] Picked up floor event {Elevator: Elevator3, Time: 02:22:00.150, Requested Floor: 2, Direction: UP, Car Button: 18, Number of Passengers: 1, Arrived: false, Fault: No fault, More Floor Events: false}
[2024-04-10 01:30:58.072] [Elevator3] Cannot fit anymore passengers.
[2024-04-10 01:30:58.072] [Elevator3] Picked up floor event {Elevator: Elevator3, Time: 02:22:00.150, Requested Floor: 2, Direction: UP, Car Button: 18, Number of Passengers: 1, Arrived: false, Fault: No fault, More Floor Events: false}
[2024-04-10 01:30:58.073] [Elevator3] Cannot fit anymore passengers.
[2024-04-10 01:30:58.073] [Elevator3] Picked up floor event {Elevator: Elevator2, Time: 02:22:00.150, Requested Floor: 2, Direction: UP, Car Button: 18, Number of Passengers: 1, Arrived: false, Fault: No fault, More Floor Events: false}
[2024-04-10 01:30:58.073] [Elevator3] Cannot fit anymore passengers.
[2024-04-10 01:30:58.074] [Elevator3] Picked up floor event {Elevator: Elevator2, Time: 02:22:00.150, Requested Floor: 2, Direction: UP, Car Button: 18, Number of Passengers: 1, Arrived: false, Fault: No fault, More Floor Events: false}
[2024-04-10 01:30:58.074] [Elevator3] Cannot fit anymore passengers.
[2024-04-10 01:30:58.074] [Elevator3] Picked up floor event {Elevator: Elevator4, Time: 02:22:00.150, Requested Floor: 2, Direction: UP, Car Button: 18, Number of Passengers: 1, Arrived: false, Fault: No fault, More Floor Events: false}
[2024-04-10 01:30:58.074] [Elevator3] Cannot fit anymore passengers.
[2024-04-10 01:30:58.074] [Elevator3] Picked up floor event {Elevator: Elevator3, Time: 02:22:00.150, Requested Floor: 2, Direction: UP, Car Button: 18, Number of Passengers: 1, Arrived: false, Fault: No fault, More Floor Events: false}
[2024-04-10 01:30:58.075] [Elevator3] Cannot fit anymore passengers.
[2024-04-10 01:30:58.075] [Elevator3] Picked up floor event {Elevator: Elevator3, Time: 02:22:00.150, Requested Floor: 2, Direction: UP, Car Button: 18, Number of Passengers: 1, Arrived: false, Fault: No fault, More Floor Events: false}
[2024-04-10 01:30:58.075] [Elevator3] Cannot fit anymore passengers.
[2024-04-10 01:30:58.075] [Elevator3] Picked up floor event {Elevator: Elevator4, Time: 02:22:00.150, Requested Floor: 2, Direction: UP, Car Button: 18, Number of Passengers: 1, Arrived: false, Fault: No fault, More Floor Events: false}
[2024-04-10 01:30:58.076] [Elevator3] Cannot fit anymore passengers.
[2024-04-10 01:30:58.076] [Elevator3] Picked up floor event {Elevator: Elevator3, Time: 02:22:00.150, Requested Floor: 2, Direction: UP, Car Button: 18, Number of Passengers: 1, Arrived: false, Fault: No fault, More Floor Events: false}
[2024-04-10 01:30:58.076] [Elevator3] Cannot fit anymore passengers.
[2024-04-10 01:30:58.076] [Elevator3] Picked up floor event {Elevator: Elevator4, Time: 02:22:00.150, Requested Floor: 2, Direction: UP, Car Button: 18, Number of Passengers: 1, Arrived: false, Fault: No fault, More Floor Events: false}
[2024-04-10 01:30:58.076] [Elevator3] Cannot fit anymore passengers.
[2024-04-10 01:30:58.076] [Elevator3] Picked up floor event {Elevator: Elevator1, Time: 02:22:00.150, Requested Floor: 2, Direction: UP, Car Button: 18, Number of Passengers: 1, Arrived: false, Fault: No fault, More Floor Events: false}
[2024-04-10 01:30:58.077] [Elevator3] Cannot fit anymore passengers.
[2024-04-10 01:30:58.077] [Elevator3] Picked up floor event {Elevator: Elevator4, Time: 02:22:00.150, Requested Floor: 2, Direction: UP, Car Button: 18, Number of Passengers: 1, Arrived: false, Fault: No fault, More Floor Events: false}
[2024-04-10 01:30:58.077] [Elevator3] Cannot fit anymore passengers.
[2024-04-10 01:30:58.077] [Elevator3] Picked up floor event {Elevator: Elevator3, Time: 02:22:00.150, Requested Floor: 2, Direction: UP, Car Button: 18, Number of Passengers: 1, Arrived: false, Fault: No fault, More Floor Events: false}
[2024-04-10 01:30:58.077] [Elevator3] Cannot fit anymore passengers.
[2024-04-10 01:30:58.078] [Elevator3] Picked up floor event {Elevator: Elevator4, Time: 02:22:00.150, Requested Floor: 2, Direction: UP, Car Button: 18, Number of Passengers: 1, Arrived: false, Fault: No fault, More Floor Events: false}
[2024-04-10 01:30:58.078] [Elevator3] Cannot fit anymore passengers.
[2024-04-10 01:30:58.078] [Elevator3] Picked up floor event {Elevator: Elevator4, Time: 02:22:00.150, Requested Floor: 2, Direction: UP, Car Button: 18, Number of Passengers: 1, Arrived: false, Fault: No fault, More Floor Events: false}
[2024-04-10 01:30:58.078] [Elevator3] Cannot fit anymore passengers.
[2024-04-10 01:30:58.078] [Elevator3] Picked up floor event {Elevator: Elevator4, Time: 02:22:00.150, Requested Floor: 2, Direction: UP, Car Button: 18, Number of Passengers: 1, Arrived: false, Fault: No fault, More Floor Events: false}
[2024-04-10 01:30:58.079] [Elevator3] Cannot fit anymore passengers.
[2024-04-10 01:30:58.079] [Elevator3] Picked up floor event {Elevator: Elevator4, Time: 02:22:00.150, Requested Floor: 2, Direction: UP, Car Button: 18, Number of Passengers: 1, Arrived: false, Fault: No fault, More Floor Events: false}
[2024-04-10 01:30:58.079] [Elevator3] Cannot fit anymore passengers.
[2024-04-10 01:30:58.079] [Elevator3] Picked up floor event {Elevator: Elevator4, Time: 02:22:00.150, Requested Floor: 2, Direction: UP, Car Button: 18, Number of Passengers: 1, Arrived: false, Fault: No fault, More Floor Events: false}
[2024-04-10 01:30:58.079] [Elevator3] Cannot fit anymore passengers.
[2024-04-10 01:30:58.079] [Elevator3] Picked up floor event {Elevator: Elevator3, Time: 02:22:00.150, Requested Floor: 2, Direction: UP, Car Button: 18, Number of Passengers: 1, Arrived: false, Fault: No fault, More Floor Events: false}
[2024-04-10 01:30:58.080] [Elevator3] Cannot fit anymore passengers.
[2024-04-10 01:30:58.080] [Elevator3] Picked up floor event {Elevator: Elevator3, Time: 02:22:00.150, Requested Floor: 2, Direction: UP, Car Button: 18, Number of Passengers: 1, Arrived: false, Fault: No fault, More Floor Events: false}
[2024-04-10 01:30:58.080] [Elevator3] Cannot fit anymore passengers.
[2024-04-10 01:30:58.080] [Elevator3] Picked up floor event {Elevator: Elevator1, Time: 02:22:00.150, Requested Floor: 2, Direction: UP, Car Button: 18, Number of Passengers: 1, Arrived: false, Fault: No fault, More Floor Events: false}
[2024-04-10 01:30:58.081] [Elevator3] Cannot fit anymore passengers.
[2024-04-10 01:30:58.081] [Elevator3] Picked up floor event {Elevator: Elevator2, Time: 02:22:00.150, Requested Floor: 2, Direction: UP, Car Button: 18, Number of Passengers: 1, Arrived: false, Fault: No fault, More Floor Events: false}
[2024-04-10 01:30:58.081] [Elevator3] Arrived at floor 2.
[2024-04-10 01:30:58.081] [Elevator3] State: DoorsOpening
