[2024-04-09 09:48:39.756] [Floor] Elevator requested to go up at floor 2.
[2024-04-09 09:48:39.772] [Floor] Sending {Elevator: Elevator?, Time: 02:22:00.150, Requested Floor: 2, Direction: UP, Car Button: 18, Number of Passengers: 1, Arrived: false, Fault: No fault, More Floor Events: false} to Scheduler.
[2024-04-09 09:48:39.795] [Floor] Received ACK {Elevator: Elevator?, Time: 02:22:00.150, Requested Floor: 2, Direction: UP, Car Button: 18, Number of Passengers: 1, Arrived: false, Fault: No fault, More Floor Events: false} from Scheduler.
[2024-04-09 09:48:40.800] [Floor] Elevator requested to go up at floor 1.
[2024-04-09 09:48:40.803] [Floor] Sending {Elevator: Elevator?, Time: 02:22:12.450, Requested Floor: 1, Direction: UP, Car Button: 19, Number of Passengers: 1, Arrived: false, Fault: No fault, More Floor Events: false} to Scheduler.
[2024-04-09 09:49:25.982] [Floor] Received ACK {Elevator: Elevator?, Time: 02:22:12.450, Requested Floor: 1, Direction: UP, Car Button: 19, Number of Passengers: 1, Arrived: false, Fault: No fault, More Floor Events: false} from Scheduler.
[2024-04-09 09:49:26.987] [Floor] Elevator requested to go up at floor 1.
[2024-04-09 09:49:26.990] [Floor] Sending {Elevator: Elevator?, Time: 02:22:25.300, Requested Floor: 1, Direction: UP, Car Button: 20, Number of Passengers: 1, Arrived: false, Fault: No fault, More Floor Events: false} to Scheduler.
[2024-04-09 09:51:58.591] [Floor] Received ACK {Elevator: Elevator?, Time: 02:22:25.300, Requested Floor: 1, Direction: UP, Car Button: 20, Number of Passengers: 1, Arrived: false, Fault: No fault, More Floor Events: false} from Scheduler.
[2024-04-09 09:51:59.597] [Floor] Elevator requested to go down at floor 2.
[2024-04-09 09:51:59.597] [Floor] Sending {Elevator: Elevator?, Time: 02:22:38, Requested Floor: 2, Direction: DOWN, Car Button: 1, Number of Passengers: 1, Arrived: false, Fault: No fault, More Floor Events: false} to Scheduler.
[2024-04-09 09:51:59.597] [Floor] Received ACK {Elevator: Elevator?, Time: 02:22:38, Requested Floor: 2, Direction: DOWN, Car Button: 1, Number of Passengers: 1, Arrived: false, Fault: No fault, More Floor Events: false} from Scheduler.
[2024-04-09 09:52:00.602] [Floor] Elevator requested to go up at floor 3.
[2024-04-09 09:52:00.603] [Floor] Sending {Elevator: Elevator?, Time: 02:22:50.450, Requested Floor: 3, Direction: UP, Car Button: 7, Number of Passengers: 1, Arrived: false, Fault: No fault, More Floor Events: false} to Scheduler.
[2024-04-09 09:52:00.603] [Floor] Received ACK {Elevator: Elevator?, Time: 02:22:50.450, Requested Floor: 3, Direction: UP, Car Button: 7, Number of Passengers: 1, Arrived: false, Fault: No fault, More Floor Events: false} from Scheduler.
[2024-04-09 09:52:01.608] [Floor] Elevator requested to go down at floor 6.
[2024-04-09 09:52:01.608] [Floor] Sending {Elevator: Elevator?, Time: 02:23:03.150, Requested Floor: 6, Direction: DOWN, Car Button: 1, Number of Passengers: 1, Arrived: false, Fault: No fault, More Floor Events: false} to Scheduler.
[2024-04-09 09:52:01.608] [Floor] Received ACK {Elevator: Elevator?, Time: 02:23:03.150, Requested Floor: 6, Direction: DOWN, Car Button: 1, Number of Passengers: 1, Arrived: false, Fault: No fault, More Floor Events: false} from Scheduler.
[2024-04-09 09:52:02.613] [Floor] Elevator requested to go up at floor 9.
[2024-04-09 09:52:02.613] [Floor] Sending {Elevator: Elevator?, Time: 02:23:15.450, Requested Floor: 9, Direction: UP, Car Button: 12, Number of Passengers: 1, Arrived: false, Fault: No fault, More Floor Events: false} to Scheduler.
[2024-04-09 09:52:02.613] [Floor] Received ACK {Elevator: Elevator?, Time: 02:23:15.450, Requested Floor: 9, Direction: UP, Car Button: 12, Number of Passengers: 1, Arrived: false, Fault: No fault, More Floor Events: false} from Scheduler.
[2024-04-09 09:52:03.619] [Floor] Elevator requested to go up at floor 12.
[2024-04-09 09:52:03.619] [Floor] Sending {Elevator: Elevator?, Time: 02:23:28.150, Requested Floor: 12, Direction: UP, Car Button: 15, Number of Passengers: 1, Arrived: false, Fault: No fault, More Floor Events: false} to Scheduler.
[2024-04-09 09:52:03.619] [Floor] Received ACK {Elevator: Elevator?, Time: 02:23:28.150, Requested Floor: 12, Direction: UP, Car Button: 15, Number of Passengers: 1, Arrived: false, Fault: No fault, More Floor Events: false} from Scheduler.
[2024-04-09 09:52:04.624] [Floor] Elevator requested to go down at floor 15.
[2024-04-09 09:52:04.625] [Floor] Sending {Elevator: Elevator?, Time: 02:23:40.450, Requested Floor: 15, Direction: DOWN, Car Button: 10, Number of Passengers: 1, Arrived: false, Fault: No fault, More Floor Events: false} to Scheduler.
[2024-04-09 09:52:04.625] [Floor] Received ACK {Elevator: Elevator?, Time: 02:23:40.450, Requested Floor: 15, Direction: DOWN, Car Button: 10, Number of Passengers: 1, Arrived: false, Fault: No fault, More Floor Events: false} from Scheduler.
[2024-04-09 09:52:05.630] [Floor] Elevator requested to go down at floor 10.
[2024-04-09 09:52:05.630] [Floor] Sending {Elevator: Elevator?, Time: 02:23:53.150, Requested Floor: 10, Direction: DOWN, Car Button: 5, Number of Passengers: 1, Arrived: false, Fault: No fault, More Floor Events: false} to Scheduler.
[2024-04-09 09:52:05.630] [Floor] Received ACK {Elevator: Elevator?, Time: 02:23:53.150, Requested Floor: 10, Direction: DOWN, Car Button: 5, Number of Passengers: 1, Arrived: false, Fault: No fault, More Floor Events: false} from Scheduler.
[2024-04-09 09:52:06.635] [Floor] Elevator requested to go up at floor 13.
[2024-04-09 09:52:06.636] [Floor] Sending {Elevator: Elevator?, Time: 02:24:05.450, Requested Floor: 13, Direction: UP, Car Button: 18, Number of Passengers: 1, Arrived: false, Fault: No fault, More Floor Events: false} to Scheduler.
[2024-04-09 09:52:06.636] [Floor] Received ACK {Elevator: Elevator?, Time: 02:24:05.450, Requested Floor: 13, Direction: UP, Car Button: 18, Number of Passengers: 1, Arrived: false, Fault: No fault, More Floor Events: false} from Scheduler.
[2024-04-09 09:52:07.640] [Floor] Elevator requested to go down at floor 16.
[2024-04-09 09:52:07.640] [Floor] Sending {Elevator: Elevator?, Time: 02:24:18.150, Requested Floor: 16, Direction: DOWN, Car Button: 11, Number of Passengers: 1, Arrived: false, Fault: No fault, More Floor Events: false} to Scheduler.
[2024-04-09 09:52:07.640] [Floor] Received ACK {Elevator: Elevator?, Time: 02:24:18.150, Requested Floor: 16, Direction: DOWN, Car Button: 11, Number of Passengers: 1, Arrived: false, Fault: No fault, More Floor Events: false} from Scheduler.
[2024-04-09 09:52:08.645] [Floor] Elevator requested to go down at floor 11.
[2024-04-09 09:52:08.646] [Floor] Sending {Elevator: Elevator?, Time: 02:24:30.450, Requested Floor: 11, Direction: DOWN, Car Button: 5, Number of Passengers: 1, Arrived: false, Fault: No fault, More Floor Events: false} to Scheduler.
[2024-04-09 09:52:08.646] [Floor] Received ACK {Elevator: Elevator?, Time: 02:24:30.450, Requested Floor: 11, Direction: DOWN, Car Button: 5, Number of Passengers: 1, Arrived: false, Fault: No fault, More Floor Events: false} from Scheduler.
[2024-04-09 09:52:09.651] [Floor] Elevator requested to go down at floor 6.
[2024-04-09 09:52:09.651] [Floor] Sending {Elevator: Elevator?, Time: 02:24:43.150, Requested Floor: 6, Direction: DOWN, Car Button: 2, Number of Passengers: 1, Arrived: false, Fault: No fault, More Floor Events: false} to Scheduler.
[2024-04-09 09:52:09.651] [Floor] Received ACK {Elevator: Elevator?, Time: 02:24:43.150, Requested Floor: 6, Direction: DOWN, Car Button: 2, Number of Passengers: 1, Arrived: false, Fault: No fault, More Floor Events: false} from Scheduler.
[2024-04-09 09:52:10.656] [Floor] Elevator requested to go up at floor 9.
[2024-04-09 09:52:10.656] [Floor] Sending {Elevator: Elevator?, Time: 02:24:55.450, Requested Floor: 9, Direction: UP, Car Button: 16, Number of Passengers: 1, Arrived: false, Fault: No fault, More Floor Events: false} to Scheduler.
[2024-04-09 09:52:10.656] [Floor] Received ACK {Elevator: Elevator?, Time: 02:24:55.450, Requested Floor: 9, Direction: UP, Car Button: 16, Number of Passengers: 1, Arrived: false, Fault: No fault, More Floor Events: false} from Scheduler.
[2024-04-09 09:52:11.661] [Floor] Elevator requested to go up at floor 12.
[2024-04-09 09:52:11.662] [Floor] Sending {Elevator: Elevator?, Time: 02:25:08.150, Requested Floor: 12, Direction: UP, Car Button: 19, Number of Passengers: 1, Arrived: false, Fault: No fault, More Floor Events: false} to Scheduler.
[2024-04-09 09:52:11.662] [Floor] Received ACK {Elevator: Elevator?, Time: 02:25:08.150, Requested Floor: 12, Direction: UP, Car Button: 19, Number of Passengers: 1, Arrived: false, Fault: No fault, More Floor Events: false} from Scheduler.
[2024-04-09 09:52:12.664] [Floor] Elevator requested to go down at floor 15.
[2024-04-09 09:52:12.664] [Floor] Sending {Elevator: Elevator?, Time: 02:25:20.450, Requested Floor: 15, Direction: DOWN, Car Button: 10, Number of Passengers: 1, Arrived: false, Fault: No fault, More Floor Events: false} to Scheduler.
[2024-04-09 09:52:12.664] [Floor] Received ACK {Elevator: Elevator?, Time: 02:25:20.450, Requested Floor: 15, Direction: DOWN, Car Button: 10, Number of Passengers: 1, Arrived: false, Fault: No fault, More Floor Events: false} from Scheduler.
[2024-04-09 09:52:13.669] [Floor] Elevator requested to go down at floor 10.
[2024-04-09 09:52:13.670] [Floor] Sending {Elevator: Elevator?, Time: 02:25:33.150, Requested Floor: 10, Direction: DOWN, Car Button: 5, Number of Passengers: 1, Arrived: false, Fault: No fault, More Floor Events: false} to Scheduler.
[2024-04-09 09:52:13.670] [Floor] Received ACK {Elevator: Elevator?, Time: 02:25:33.150, Requested Floor: 10, Direction: DOWN, Car Button: 5, Number of Passengers: 1, Arrived: false, Fault: No fault, More Floor Events: false} from Scheduler.
[2024-04-09 09:52:14.673] [Floor] Elevator requested to go up at floor 13.
[2024-04-09 09:52:14.673] [Floor] Sending {Elevator: Elevator?, Time: 02:25:45.450, Requested Floor: 13, Direction: UP, Car Button: 18, Number of Passengers: 1, Arrived: false, Fault: No fault, More Floor Events: false} to Scheduler.
[2024-04-09 09:52:14.673] [Floor] Received ACK {Elevator: Elevator?, Time: 02:25:45.450, Requested Floor: 13, Direction: UP, Car Button: 18, Number of Passengers: 1, Arrived: false, Fault: No fault, More Floor Events: false} from Scheduler.
[2024-04-09 09:52:15.678] [Floor] Elevator requested to go up at floor 16.
[2024-04-09 09:52:15.679] [Floor] Sending {Elevator: Elevator?, Time: 02:25:58.150, Requested Floor: 16, Direction: UP, Car Button: 21, Number of Passengers: 1, Arrived: false, Fault: No fault, More Floor Events: false} to Scheduler.
[2024-04-09 09:52:15.679] [Floor] Received ACK {Elevator: Elevator?, Time: 02:25:58.150, Requested Floor: 16, Direction: UP, Car Button: 21, Number of Passengers: 1, Arrived: false, Fault: No fault, More Floor Events: false} from Scheduler.
[2024-04-09 09:52:16.684] [Floor] Elevator requested to go down at floor 19.
[2024-04-09 09:52:16.685] [Floor] Sending {Elevator: Elevator?, Time: 02:26:10.450, Requested Floor: 19, Direction: DOWN, Car Button: 15, Number of Passengers: 1, Arrived: false, Fault: No fault, More Floor Events: false} to Scheduler.
[2024-04-09 09:52:16.685] [Floor] Received ACK {Elevator: Elevator?, Time: 02:26:10.450, Requested Floor: 19, Direction: DOWN, Car Button: 15, Number of Passengers: 1, Arrived: false, Fault: No fault, More Floor Events: false} from Scheduler.
[2024-04-09 09:52:17.686] [Floor] Elevator requested to go down at floor 14.
[2024-04-09 09:52:17.686] [Floor] Sending {Elevator: Elevator?, Time: 02:26:23.150, Requested Floor: 14, Direction: DOWN, Car Button: 8, Number of Passengers: 1, Arrived: false, Fault: No fault, More Floor Events: false} to Scheduler.
[2024-04-09 09:52:17.686] [Floor] Received ACK {Elevator: Elevator?, Time: 02:26:23.150, Requested Floor: 14, Direction: DOWN, Car Button: 8, Number of Passengers: 1, Arrived: false, Fault: No fault, More Floor Events: false} from Scheduler.
[2024-04-09 09:52:18.691] [Floor] Elevator requested to go up at floor 9.
[2024-04-09 09:52:18.692] [Floor] Sending {Elevator: Elevator?, Time: 02:26:35.450, Requested Floor: 9, Direction: UP, Car Button: 16, Number of Passengers: 1, Arrived: false, Fault: No fault, More Floor Events: false} to Scheduler.
[2024-04-09 09:52:18.692] [Floor] Received ACK {Elevator: Elevator?, Time: 02:26:35.450, Requested Floor: 9, Direction: UP, Car Button: 16, Number of Passengers: 1, Arrived: false, Fault: No fault, More Floor Events: false} from Scheduler.
[2024-04-09 09:52:19.697] [Floor] Elevator requested to go down at floor 12.
[2024-04-09 09:52:19.697] [Floor] Sending {Elevator: Elevator?, Time: 02:26:48.150, Requested Floor: 12, Direction: DOWN, Car Button: 7, Number of Passengers: 1, Arrived: false, Fault: No fault, More Floor Events: false} to Scheduler.
[2024-04-09 09:52:19.697] [Floor] Received ACK {Elevator: Elevator?, Time: 02:26:48.150, Requested Floor: 12, Direction: DOWN, Car Button: 7, Number of Passengers: 1, Arrived: false, Fault: No fault, More Floor Events: false} from Scheduler.
[2024-04-09 09:52:20.703] [Floor] Elevator requested to go down at floor 7.
[2024-04-09 09:52:20.707] [Floor] Sending {Elevator: Elevator?, Time: 02:27:00.450, Requested Floor: 7, Direction: DOWN, Car Button: 2, Number of Passengers: 1, Arrived: false, Fault: No fault, More Floor Events: false} to Scheduler.
[2024-04-09 09:52:20.707] [Floor] Received ACK {Elevator: Elevator?, Time: 02:27:00.450, Requested Floor: 7, Direction: DOWN, Car Button: 2, Number of Passengers: 1, Arrived: false, Fault: No fault, More Floor Events: false} from Scheduler.
[2024-04-09 09:52:21.712] [Floor] Elevator requested to go up at floor 2.
[2024-04-09 09:52:21.712] [Floor] Sending {Elevator: Elevator?, Time: 02:27:13.150, Requested Floor: 2, Direction: UP, Car Button: 6, Number of Passengers: 1, Arrived: false, Fault: No fault, More Floor Events: false} to Scheduler.
[2024-04-09 09:52:21.712] [Floor] Received ACK {Elevator: Elevator?, Time: 02:27:13.150, Requested Floor: 2, Direction: UP, Car Button: 6, Number of Passengers: 1, Arrived: false, Fault: No fault, More Floor Events: false} from Scheduler.
[2024-04-09 09:52:22.717] [Floor] Elevator requested to go up at floor 5.
[2024-04-09 09:52:22.717] [Floor] Sending {Elevator: Elevator?, Time: 02:27:25.450, Requested Floor: 5, Direction: UP, Car Button: 9, Number of Passengers: 1, Arrived: false, Fault: No fault, More Floor Events: false} to Scheduler.
[2024-04-09 09:52:22.717] [Floor] Received ACK {Elevator: Elevator?, Time: 02:27:25.450, Requested Floor: 5, Direction: UP, Car Button: 9, Number of Passengers: 1, Arrived: false, Fault: No fault, More Floor Events: false} from Scheduler.
[2024-04-09 09:52:23.722] [Floor] Elevator requested to go up at floor 8.
[2024-04-09 09:52:23.723] [Floor] Sending {Elevator: Elevator?, Time: 02:27:38.150, Requested Floor: 8, Direction: UP, Car Button: 12, Number of Passengers: 1, Arrived: false, Fault: No fault, More Floor Events: false} to Scheduler.
[2024-04-09 09:52:23.723] [Floor] Received ACK {Elevator: Elevator?, Time: 02:27:38.150, Requested Floor: 8, Direction: UP, Car Button: 12, Number of Passengers: 1, Arrived: false, Fault: No fault, More Floor Events: false} from Scheduler.
[2024-04-09 09:52:24.728] [Floor] Elevator requested to go up at floor 11.
[2024-04-09 09:52:24.728] [Floor] Sending {Elevator: Elevator?, Time: 02:27:50.450, Requested Floor: 11, Direction: UP, Car Button: 15, Number of Passengers: 1, Arrived: false, Fault: No fault, More Floor Events: false} to Scheduler.
[2024-04-09 09:52:24.728] [Floor] Received ACK {Elevator: Elevator?, Time: 02:27:50.450, Requested Floor: 11, Direction: UP, Car Button: 15, Number of Passengers: 1, Arrived: false, Fault: No fault, More Floor Events: false} from Scheduler.
[2024-04-09 09:52:25.733] [Floor] Elevator requested to go down at floor 14.
[2024-04-09 09:52:25.733] [Floor] Sending {Elevator: Elevator?, Time: 02:28:03.150, Requested Floor: 14, Direction: DOWN, Car Button: 9, Number of Passengers: 1, Arrived: false, Fault: No fault, More Floor Events: false} to Scheduler.
[2024-04-09 09:52:25.733] [Floor] Received ACK {Elevator: Elevator?, Time: 02:28:03.150, Requested Floor: 14, Direction: DOWN, Car Button: 9, Number of Passengers: 1, Arrived: false, Fault: No fault, More Floor Events: false} from Scheduler.
[2024-04-09 09:52:26.738] [Floor] Elevator requested to go down at floor 9.
[2024-04-09 09:52:26.739] [Floor] Sending {Elevator: Elevator?, Time: 02:28:15.450, Requested Floor: 9, Direction: DOWN, Car Button: 4, Number of Passengers: 1, Arrived: false, Fault: No fault, More Floor Events: false} to Scheduler.
[2024-04-09 09:52:26.739] [Floor] Received ACK {Elevator: Elevator?, Time: 02:28:15.450, Requested Floor: 9, Direction: DOWN, Car Button: 4, Number of Passengers: 1, Arrived: false, Fault: No fault, More Floor Events: false} from Scheduler.
[2024-04-09 09:52:27.743] [Floor] Elevator requested to go down at floor 4.
[2024-04-09 09:52:27.743] [Floor] Sending {Elevator: Elevator?, Time: 02:28:28.150, Requested Floor: 4, Direction: DOWN, Car Button: 1, Number of Passengers: 1, Arrived: false, Fault: No fault, More Floor Events: false} to Scheduler.
[2024-04-09 09:52:27.743] [Floor] Received ACK {Elevator: Elevator?, Time: 02:28:28.150, Requested Floor: 4, Direction: DOWN, Car Button: 1, Number of Passengers: 1, Arrived: false, Fault: No fault, More Floor Events: false} from Scheduler.
[2024-04-09 09:52:28.748] [Floor] Elevator requested to go up at floor 1.
[2024-04-09 09:52:28.749] [Floor] Sending {Elevator: Elevator?, Time: 02:28:40.450, Requested Floor: 1, Direction: UP, Car Button: 5, Number of Passengers: 1, Arrived: false, Fault: No fault, More Floor Events: false} to Scheduler.
[2024-04-09 09:52:28.749] [Floor] Received ACK {Elevator: Elevator?, Time: 02:28:40.450, Requested Floor: 1, Direction: UP, Car Button: 5, Number of Passengers: 1, Arrived: false, Fault: No fault, More Floor Events: false} from Scheduler.
[2024-04-09 09:52:29.754] [Floor] Elevator requested to go up at floor 6.
[2024-04-09 09:52:29.754] [Floor] Sending {Elevator: Elevator?, Time: 02:28:53.150, Requested Floor: 6, Direction: UP, Car Button: 10, Number of Passengers: 1, Arrived: false, Fault: No fault, More Floor Events: false} to Scheduler.
[2024-04-09 09:52:29.754] [Floor] Received ACK {Elevator: Elevator?, Time: 02:28:53.150, Requested Floor: 6, Direction: UP, Car Button: 10, Number of Passengers: 1, Arrived: false, Fault: No fault, More Floor Events: false} from Scheduler.
[2024-04-09 09:52:30.759] [Floor] Elevator requested to go down at floor 9.
[2024-04-09 09:52:30.759] [Floor] Sending {Elevator: Elevator?, Time: 02:29:05.450, Requested Floor: 9, Direction: DOWN, Car Button: 4, Number of Passengers: 1, Arrived: false, Fault: No fault, More Floor Events: false} to Scheduler.
[2024-04-09 09:52:30.759] [Floor] Received ACK {Elevator: Elevator?, Time: 02:29:05.450, Requested Floor: 9, Direction: DOWN, Car Button: 4, Number of Passengers: 1, Arrived: false, Fault: No fault, More Floor Events: false} from Scheduler.
[2024-04-09 09:52:31.764] [Floor] Elevator requested to go up at floor 4.
[2024-04-09 09:52:31.765] [Floor] Sending {Elevator: Elevator?, Time: 02:29:18.150, Requested Floor: 4, Direction: UP, Car Button: 8, Number of Passengers: 1, Arrived: false, Fault: No fault, More Floor Events: false} to Scheduler.
[2024-04-09 09:52:31.765] [Floor] Received ACK {Elevator: Elevator?, Time: 02:29:18.150, Requested Floor: 4, Direction: UP, Car Button: 8, Number of Passengers: 1, Arrived: false, Fault: No fault, More Floor Events: false} from Scheduler.
[2024-04-09 09:52:32.770] [Floor] Elevator requested to go up at floor 7.
[2024-04-09 09:52:32.770] [Floor] Sending {Elevator: Elevator?, Time: 02:29:30.450, Requested Floor: 7, Direction: UP, Car Button: 11, Number of Passengers: 1, Arrived: false, Fault: No fault, More Floor Events: false} to Scheduler.
[2024-04-09 09:52:32.771] [Floor] Received ACK {Elevator: Elevator?, Time: 02:29:30.450, Requested Floor: 7, Direction: UP, Car Button: 11, Number of Passengers: 1, Arrived: false, Fault: No fault, More Floor Events: false} from Scheduler.
[2024-04-09 09:52:33.776] [Floor] Elevator requested to go up at floor 10.
[2024-04-09 09:52:33.776] [Floor] Sending {Elevator: Elevator?, Time: 02:29:43.150, Requested Floor: 10, Direction: UP, Car Button: 14, Number of Passengers: 1, Arrived: false, Fault: No fault, More Floor Events: false} to Scheduler.
[2024-04-09 09:52:33.776] [Floor] Received ACK {Elevator: Elevator?, Time: 02:29:43.150, Requested Floor: 10, Direction: UP, Car Button: 14, Number of Passengers: 1, Arrived: false, Fault: No fault, More Floor Events: false} from Scheduler.
[2024-04-09 09:52:34.781] [Floor] Elevator requested to go up at floor 13.
[2024-04-09 09:52:34.782] [Floor] Sending {Elevator: Elevator?, Time: 02:29:55.450, Requested Floor: 13, Direction: UP, Car Button: 17, Number of Passengers: 1, Arrived: false, Fault: No fault, More Floor Events: false} to Scheduler.
[2024-04-09 09:52:34.782] [Floor] Received ACK {Elevator: Elevator?, Time: 02:29:55.450, Requested Floor: 13, Direction: UP, Car Button: 17, Number of Passengers: 1, Arrived: false, Fault: No fault, More Floor Events: false} from Scheduler.
[2024-04-09 09:52:35.787] [Floor] Elevator requested to go down at floor 16.
[2024-04-09 09:52:35.787] [Floor] Sending {Elevator: Elevator?, Time: 02:30:08.150, Requested Floor: 16, Direction: DOWN, Car Button: 12, Number of Passengers: 1, Arrived: false, Fault: No fault, More Floor Events: false} to Scheduler.
[2024-04-09 09:52:35.787] [Floor] Received ACK {Elevator: Elevator?, Time: 02:30:08.150, Requested Floor: 16, Direction: DOWN, Car Button: 12, Number of Passengers: 1, Arrived: false, Fault: No fault, More Floor Events: false} from Scheduler.
[2024-04-09 09:52:36.792] [Floor] Elevator requested to go down at floor 11.
[2024-04-09 09:52:36.793] [Floor] Sending {Elevator: Elevator?, Time: 02:30:20.450, Requested Floor: 11, Direction: DOWN, Car Button: 6, Number of Passengers: 1, Arrived: false, Fault: No fault, More Floor Events: false} to Scheduler.
[2024-04-09 09:52:36.793] [Floor] Received ACK {Elevator: Elevator?, Time: 02:30:20.450, Requested Floor: 11, Direction: DOWN, Car Button: 6, Number of Passengers: 1, Arrived: false, Fault: No fault, More Floor Events: false} from Scheduler.
[2024-04-09 09:52:37.798] [Floor] Elevator requested to go down at floor 6.
[2024-04-09 09:52:37.798] [Floor] Sending {Elevator: Elevator?, Time: 02:30:33.150, Requested Floor: 6, Direction: DOWN, Car Button: 1, Number of Passengers: 1, Arrived: false, Fault: No fault, More Floor Events: false} to Scheduler.
[2024-04-09 09:52:37.798] [Floor] Received ACK {Elevator: Elevator?, Time: 02:30:33.150, Requested Floor: 6, Direction: DOWN, Car Button: 1, Number of Passengers: 1, Arrived: false, Fault: No fault, More Floor Events: false} from Scheduler.
[2024-04-09 09:52:38.803] [Floor] Elevator requested to go up at floor 1.
[2024-04-09 09:52:38.803] [Floor] Sending {Elevator: Elevator?, Time: 02:30:45.450, Requested Floor: 1, Direction: UP, Car Button: 5, Number of Passengers: 1, Arrived: false, Fault: No fault, More Floor Events: false} to Scheduler.
[2024-04-09 09:52:38.804] [Floor] Received ACK {Elevator: Elevator?, Time: 02:30:45.450, Requested Floor: 1, Direction: UP, Car Button: 5, Number of Passengers: 1, Arrived: false, Fault: No fault, More Floor Events: false} from Scheduler.
[2024-04-09 09:52:39.809] [Floor] Elevator requested to go down at floor 4.
[2024-04-09 09:52:39.809] [Floor] Sending {Elevator: Elevator?, Time: 02:30:58.150, Requested Floor: 4, Direction: DOWN, Car Button: 1, Number of Passengers: 1, Arrived: false, Fault: No fault, More Floor Events: false} to Scheduler.
[2024-04-09 09:52:39.809] [Floor] Received ACK {Elevator: Elevator?, Time: 02:30:58.150, Requested Floor: 4, Direction: DOWN, Car Button: 1, Number of Passengers: 1, Arrived: false, Fault: No fault, More Floor Events: false} from Scheduler.
[2024-04-09 09:52:40.814] [Floor] Elevator requested to go up at floor 1.
[2024-04-09 09:52:40.814] [Floor] Sending {Elevator: Elevator?, Time: 02:31:10.450, Requested Floor: 1, Direction: UP, Car Button: 6, Number of Passengers: 1, Arrived: false, Fault: No fault, More Floor Events: false} to Scheduler.
[2024-04-09 09:52:40.814] [Floor] Received ACK {Elevator: Elevator?, Time: 02:31:10.450, Requested Floor: 1, Direction: UP, Car Button: 6, Number of Passengers: 1, Arrived: false, Fault: No fault, More Floor Events: false} from Scheduler.
[2024-04-09 09:52:41.819] [Floor] Elevator requested to go up at floor 7.
[2024-04-09 09:52:41.819] [Floor] Sending {Elevator: Elevator?, Time: 02:31:23.150, Requested Floor: 7, Direction: UP, Car Button: 11, Number of Passengers: 1, Arrived: false, Fault: No fault, More Floor Events: false} to Scheduler.
[2024-04-09 09:52:41.819] [Floor] Received ACK {Elevator: Elevator?, Time: 02:31:23.150, Requested Floor: 7, Direction: UP, Car Button: 11, Number of Passengers: 1, Arrived: false, Fault: No fault, More Floor Events: false} from Scheduler.
[2024-04-09 09:52:42.825] [Floor] Elevator requested to go up at floor 10.
[2024-04-09 09:52:42.825] [Floor] Sending {Elevator: Elevator?, Time: 02:31:35.450, Requested Floor: 10, Direction: UP, Car Button: 14, Number of Passengers: 1, Arrived: false, Fault: No fault, More Floor Events: false} to Scheduler.
[2024-04-09 09:52:42.825] [Floor] Received ACK {Elevator: Elevator?, Time: 02:31:35.450, Requested Floor: 10, Direction: UP, Car Button: 14, Number of Passengers: 1, Arrived: false, Fault: No fault, More Floor Events: false} from Scheduler.
[2024-04-09 09:52:43.830] [Floor] Elevator requested to go up at floor 13.
[2024-04-09 09:52:43.830] [Floor] Sending {Elevator: Elevator?, Time: 02:31:48.150, Requested Floor: 13, Direction: UP, Car Button: 18, Number of Passengers: 1, Arrived: false, Fault: No fault, More Floor Events: false} to Scheduler.
[2024-04-09 09:52:43.830] [Floor] Received ACK {Elevator: Elevator?, Time: 02:31:48.150, Requested Floor: 13, Direction: UP, Car Button: 18, Number of Passengers: 1, Arrived: false, Fault: No fault, More Floor Events: false} from Scheduler.
[2024-04-09 09:52:43.830] [Floor] All floor events from input.txt have been sent to Scheduler.
[2024-04-09 09:52:43.830] [Floor] Waiting for a completed floor event from Scheduler...
