[2024-04-06 00:01:59.663] [Scheduler] State: WaitingForFloorEvent
[2024-04-06 00:01:59.696] [Scheduler] State: SelectElevator
[2024-04-06 00:01:59.696] [Scheduler] State: NotifyElevator
[2024-04-06 00:02:00.702] [Scheduler] Received {Elevator: Elevator?, Time: 13:02:56, Requested Floor: 4, Direction: UP, Car Button: 6, Arrived: false, Fault: No fault, More Floor Events: false} from Floor.
[2024-04-06 00:02:00.703] [Scheduler] Sending ACK {Elevator: Elevator?, Time: 13:02:56, Requested Floor: 4, Direction: UP, Car Button: 6, Arrived: false, Fault: No fault, More Floor Events: false} to Floor.
[2024-04-06 00:02:00.704] [Scheduler] Sending {Elevator: Elevator1, Time: 13:02:56, Requested Floor: 4, Direction: UP, Car Button: 6, Arrived: false, Fault: No fault, More Floor Events: false} to Elevator1.
[2024-04-06 00:02:00.705] [Scheduler] Received ACK {Elevator: Elevator1, Time: 13:02:56, Requested Floor: 4, Direction: UP, Car Button: 6, Arrived: false, Fault: No fault, More Floor Events: false} from Elevator1.
[2024-04-06 00:02:01.713] [Scheduler] Received {Elevator: Elevator?, Time: 14:05:15, Requested Floor: 2, Direction: UP, Car Button: 4, Arrived: false, Fault: Elevator stuck between floors, More Floor Events: false} from Floor.
[2024-04-06 00:02:01.715] [Scheduler] Sending {Elevator: Elevator2, Time: 14:05:15, Requested Floor: 2, Direction: UP, Car Button: 4, Arrived: false, Fault: Elevator stuck between floors, More Floor Events: false} to Elevator2.
[2024-04-06 00:02:01.715] [Scheduler] Sending ACK {Elevator: Elevator?, Time: 14:05:15, Requested Floor: 2, Direction: UP, Car Button: 4, Arrived: false, Fault: Elevator stuck between floors, More Floor Events: false} to Floor.
[2024-04-06 00:02:01.717] [Scheduler] Received ACK {Elevator: Elevator2, Time: 14:05:15, Requested Floor: 2, Direction: UP, Car Button: 4, Arrived: false, Fault: Elevator stuck between floors, More Floor Events: false} from Elevator2.
[2024-04-06 00:02:02.726] [Scheduler] Received {Elevator: Elevator?, Time: 16:06:35, Requested Floor: 5, Direction: DOWN, Car Button: 4, Arrived: false, Fault: Doors not opening, More Floor Events: false} from Floor.
[2024-04-06 00:02:02.728] [Scheduler] Sending {Elevator: Elevator3, Time: 16:06:35, Requested Floor: 5, Direction: DOWN, Car Button: 4, Arrived: false, Fault: Doors not opening, More Floor Events: false} to Elevator3.
[2024-04-06 00:02:02.728] [Scheduler] Sending ACK {Elevator: Elevator?, Time: 16:06:35, Requested Floor: 5, Direction: DOWN, Car Button: 4, Arrived: false, Fault: Doors not opening, More Floor Events: false} to Floor.
[2024-04-06 00:02:02.730] [Scheduler] Received ACK {Elevator: Elevator3, Time: 16:06:35, Requested Floor: 5, Direction: DOWN, Car Button: 4, Arrived: false, Fault: Doors not opening, More Floor Events: false} from Elevator3.
[2024-04-06 00:02:03.735] [Scheduler] Received {Elevator: Elevator?, Time: 19:08:23, Requested Floor: 2, Direction: DOWN, Car Button: 1, Arrived: false, Fault: No fault, More Floor Events: false} from Floor.
[2024-04-06 00:02:03.737] [Scheduler] Sending ACK {Elevator: Elevator?, Time: 19:08:23, Requested Floor: 2, Direction: DOWN, Car Button: 1, Arrived: false, Fault: No fault, More Floor Events: false} to Floor.
[2024-04-06 00:02:03.739] [Scheduler] State: NotifyElevator
[2024-04-06 00:02:03.740] [Scheduler] State: NotifyElevator
[2024-04-06 00:02:03.740] [Scheduler] State: NotifyElevator
[2024-04-06 00:02:04.749] [Scheduler] Received {Elevator: Elevator?, Time: 19:10:23, Requested Floor: 1, Direction: UP, Car Button: 5, Arrived: false, Fault: Doors not closing, More Floor Events: false} from Floor.
[2024-04-06 00:02:04.750] [Scheduler] Sending ACK {Elevator: Elevator?, Time: 19:10:23, Requested Floor: 1, Direction: UP, Car Button: 5, Arrived: false, Fault: Doors not closing, More Floor Events: false} to Floor.
[2024-04-06 00:02:12.725] [Scheduler] Shutting down Elevator2.
[2024-04-06 00:02:31.459] [Scheduler] Received {Elevator: Elevator1, Time: 13:02:56, Requested Floor: 4, Direction: UP, Car Button: 6, Arrived: true, Fault: No fault, More Floor Events: false} from Elevator1.
[2024-04-06 00:02:31.462] [Scheduler] Sending ACK {Elevator: Elevator1, Time: 13:02:56, Requested Floor: 4, Direction: UP, Car Button: 6, Arrived: true, Fault: No fault, More Floor Events: false} to Elevator1.
[2024-04-06 00:02:31.462] [Scheduler] State: WaitingForFloorEvent
[2024-04-06 00:02:31.463] [Scheduler] State: SelectElevator
[2024-04-06 00:02:31.463] [Scheduler] State: NotifyElevator
[2024-04-06 00:02:49.091] [Scheduler] Received {Elevator: Elevator3, Time: 16:06:35, Requested Floor: 5, Direction: DOWN, Car Button: 4, Arrived: true, Fault: Doors not opening, More Floor Events: false} from Elevator3.
[2024-04-06 00:02:49.094] [Scheduler] Sending ACK {Elevator: Elevator3, Time: 16:06:35, Requested Floor: 5, Direction: DOWN, Car Button: 4, Arrived: true, Fault: Doors not opening, More Floor Events: false} to Elevator3.
[2024-04-06 00:02:49.094] [Scheduler] State: WaitingForFloorEvent
[2024-04-06 00:02:49.094] [Scheduler] State: SelectElevator
[2024-04-06 00:02:49.095] [Scheduler] State: NotifyElevator
